{"/Users/gabornagy/My Documents/Code/Projects/Jest-JS-unit-testing/anagram.js": {"path":"/Users/gabornagy/My Documents/Code/Projects/Jest-JS-unit-testing/anagram.js","statementMap":{"0":{"start":{"line":2,"column":4},"end":{"line":2,"column":47}},"1":{"start":{"line":7,"column":4},"end":{"line":12,"column":16}},"2":{"start":{"line":15,"column":2},"end":{"line":15,"column":29}}},"fnMap":{"0":{"name":"isAnagram","decl":{"start":{"line":1,"column":9},"end":{"line":1,"column":18}},"loc":{"start":{"line":1,"column":31},"end":{"line":3,"column":3}},"line":1},"1":{"name":"formatStr","decl":{"start":{"line":6,"column":11},"end":{"line":6,"column":20}},"loc":{"start":{"line":6,"column":26},"end":{"line":13,"column":3}},"line":6}},"branchMap":{},"s":{"0":3,"1":6,"2":1},"f":{"0":3,"1":6},"b":{},"_coverageSchema":"1a1c01bbd47fc00a2c39e90264f33305004495a9","hash":"24cad2ac9bf0770a6b96db50a2f28a5cdc3f1afe"}
,"/Users/gabornagy/My Documents/Code/Projects/Jest-JS-unit-testing/chunk.js": {"path":"/Users/gabornagy/My Documents/Code/Projects/Jest-JS-unit-testing/chunk.js","statementMap":{"0":{"start":{"line":1,"column":19},"end":{"line":19,"column":3}},"1":{"start":{"line":3,"column":23},"end":{"line":3,"column":25}},"2":{"start":{"line":6,"column":4},"end":{"line":16,"column":7}},"3":{"start":{"line":8,"column":19},"end":{"line":8,"column":52}},"4":{"start":{"line":11,"column":6},"end":{"line":15,"column":7}},"5":{"start":{"line":12,"column":8},"end":{"line":12,"column":31}},"6":{"start":{"line":14,"column":8},"end":{"line":14,"column":23}},"7":{"start":{"line":18,"column":4},"end":{"line":18,"column":22}},"8":{"start":{"line":21,"column":2},"end":{"line":21,"column":30}}},"fnMap":{"0":{"name":"(anonymous_0)","decl":{"start":{"line":1,"column":19},"end":{"line":1,"column":20}},"loc":{"start":{"line":1,"column":33},"end":{"line":19,"column":3}},"line":1},"1":{"name":"(anonymous_1)","decl":{"start":{"line":6,"column":16},"end":{"line":6,"column":17}},"loc":{"start":{"line":6,"column":23},"end":{"line":16,"column":5}},"line":6}},"branchMap":{"0":{"loc":{"start":{"line":11,"column":6},"end":{"line":15,"column":7}},"type":"if","locations":[{"start":{"line":11,"column":6},"end":{"line":15,"column":7}},{"start":{"line":11,"column":6},"end":{"line":15,"column":7}}],"line":11},"1":{"loc":{"start":{"line":11,"column":10},"end":{"line":11,"column":38}},"type":"binary-expr","locations":[{"start":{"line":11,"column":10},"end":{"line":11,"column":15}},{"start":{"line":11,"column":19},"end":{"line":11,"column":38}}],"line":11}},"s":{"0":1,"1":2,"2":2,"3":13,"4":13,"5":8,"6":5,"7":2,"8":1},"f":{"0":2,"1":13},"b":{"0":[8,5],"1":[13,11]},"_coverageSchema":"1a1c01bbd47fc00a2c39e90264f33305004495a9","hash":"b7317e699de93094dacd7fcaf9eefa837d730aa2"}
,"/Users/gabornagy/My Documents/Code/Projects/Jest-JS-unit-testing/functions.js": {"path":"/Users/gabornagy/My Documents/Code/Projects/Jest-JS-unit-testing/functions.js","statementMap":{"0":{"start":{"line":1,"column":14},"end":{"line":1,"column":30}},"1":{"start":{"line":5,"column":18},"end":{"line":17,"column":1}},"2":{"start":{"line":6,"column":23},"end":{"line":6,"column":34}},"3":{"start":{"line":7,"column":16},"end":{"line":7,"column":20}},"4":{"start":{"line":8,"column":19},"end":{"line":8,"column":20}},"5":{"start":{"line":10,"column":17},"end":{"line":10,"column":37}},"6":{"start":{"line":11,"column":4},"end":{"line":11,"column":34}},"7":{"start":{"line":12,"column":4},"end":{"line":12,"column":16}},"8":{"start":{"line":14,"column":19},"end":{"line":16,"column":26}},"9":{"start":{"line":15,"column":17},"end":{"line":15,"column":25}},"10":{"start":{"line":16,"column":18},"end":{"line":16,"column":25}},"11":{"start":{"line":19,"column":0},"end":{"line":19,"column":27}}},"fnMap":{"0":{"name":"(anonymous_0)","decl":{"start":{"line":6,"column":7},"end":{"line":6,"column":8}},"loc":{"start":{"line":6,"column":23},"end":{"line":6,"column":34}},"line":6},"1":{"name":"(anonymous_1)","decl":{"start":{"line":7,"column":10},"end":{"line":7,"column":11}},"loc":{"start":{"line":7,"column":16},"end":{"line":7,"column":20}},"line":7},"2":{"name":"(anonymous_2)","decl":{"start":{"line":8,"column":14},"end":{"line":8,"column":15}},"loc":{"start":{"line":8,"column":19},"end":{"line":8,"column":20}},"line":8},"3":{"name":"(anonymous_3)","decl":{"start":{"line":9,"column":14},"end":{"line":9,"column":15}},"loc":{"start":{"line":9,"column":20},"end":{"line":13,"column":3}},"line":9},"4":{"name":"(anonymous_4)","decl":{"start":{"line":14,"column":13},"end":{"line":14,"column":14}},"loc":{"start":{"line":14,"column":19},"end":{"line":16,"column":26}},"line":14},"5":{"name":"(anonymous_5)","decl":{"start":{"line":15,"column":10},"end":{"line":15,"column":11}},"loc":{"start":{"line":15,"column":17},"end":{"line":15,"column":25}},"line":15},"6":{"name":"(anonymous_6)","decl":{"start":{"line":16,"column":11},"end":{"line":16,"column":12}},"loc":{"start":{"line":16,"column":18},"end":{"line":16,"column":25}},"line":16}},"branchMap":{},"s":{"0":1,"1":1,"2":2,"3":1,"4":1,"5":1,"6":1,"7":1,"8":1,"9":1,"10":0,"11":1},"f":{"0":2,"1":1,"2":1,"3":1,"4":1,"5":1,"6":0},"b":{},"_coverageSchema":"1a1c01bbd47fc00a2c39e90264f33305004495a9","hash":"500935022301da4e2002da28a1e69616126fa517"}
,"/Users/gabornagy/My Documents/Code/Projects/Jest-JS-unit-testing/reversestring.js": {"path":"/Users/gabornagy/My Documents/Code/Projects/Jest-JS-unit-testing/reversestring.js","statementMap":{"0":{"start":{"line":4,"column":22},"end":{"line":9,"column":13}},"1":{"start":{"line":5,"column":2},"end":{"line":9,"column":13}},"2":{"start":{"line":11,"column":0},"end":{"line":11,"column":31}}},"fnMap":{"0":{"name":"(anonymous_0)","decl":{"start":{"line":4,"column":22},"end":{"line":4,"column":23}},"loc":{"start":{"line":5,"column":2},"end":{"line":9,"column":13}},"line":5}},"branchMap":{},"s":{"0":1,"1":2,"2":1},"f":{"0":2},"b":{},"_coverageSchema":"1a1c01bbd47fc00a2c39e90264f33305004495a9","hash":"e8158537a3375e1b000c667e423d2e70edeb7c68"}
}
